26.9601 	EXP 	Created window1 = Window(allowGUI=False, allowStencil=False, args=UNKNOWN, autoLog=True, bitsMode=UNKNOWN, blendMode='avg', color=array([0., 0., 0.]), colorSpace='rgb', fullscr=<method-wrapper '__getattribute__' of attributeSetter object at 0x10d7e1f28>, gamma=None, kwargs=UNKNOWN, lms=UNKNOWN, monitor=<psychopy.monitors.calibTools.Monitor object at 0x1298f3e48>, multiSample=False, name='window1', numSamples=2, pos=[0.0, 0.0], screen=0, size=array([1280,  800]), stereo=False, units='norm', useFBO=True, useRetina=False, viewOri=0.0, viewPos=None, viewScale=None, waitBlanking=True, winType='pyglet')
26.9602 	EXP 	window1: recordFrameIntervals = False
27.1261 	EXP 	window1: recordFrameIntervals = True
27.4694 	WARNING 	t of last frame was 26.18ms (=1/38)
27.9744 	EXP 	window1: recordFrameIntervals = False
28.1734 	EXP 	Created lexEsp_Instr = TextStim(__class__=<class 'psychopy.visual.text.TextStim'>, alignHoriz='center', alignVert='center', antialias=True, autoLog=True, bold=False, color='black', colorSpace='named', contrast=1.0, depth=-1.0, flipHoriz=False, flipVert=False, font='Arial', fontFiles=[], height=0.05, italic=False, languageStyle='LTR', name='lexEsp_Instr', opacity=1.0, ori=0, pos=array([0., 0.]), rgb=array([0., 0., 0.]), text=str(...), units='norm', win=Window(...), wrapWidth=1)
28.1875 	EXP 	Created text_Word = TextStim(__class__=<class 'psychopy.visual.text.TextStim'>, alignHoriz='center', alignVert='center', antialias=True, autoLog=True, bold=False, color='white', colorSpace='named', contrast=1.0, depth=0.0, flipHoriz=False, flipVert=False, font='Arial', fontFiles=[], height=0.2, italic=False, languageStyle='LTR', name='text_Word', opacity=1.0, ori=0, pos=array([0., 0.]), rgb=array([255., 255., 255.]), text='default text', units='norm', win=Window(...), wrapWidth=1)
28.1937 	EXP 	Created text_Si = TextStim(__class__=<class 'psychopy.visual.text.TextStim'>, alignHoriz='center', alignVert='center', antialias=True, autoLog=True, bold=False, color='green', colorSpace='named', contrast=1.0, depth=-1.0, flipHoriz=False, flipVert=False, font='Arial', fontFiles=[], height=0.2, italic=False, languageStyle='LTR', name='text_Si', opacity=1.0, ori=0, pos=array([-0.5, -0.5]), rgb=array([  0., 128.,   0.]), text='sí', units='norm', win=Window(...), wrapWidth=1)
28.1981 	EXP 	Created text_No = TextStim(__class__=<class 'psychopy.visual.text.TextStim'>, alignHoriz='center', alignVert='center', antialias=True, autoLog=True, bold=False, color='red', colorSpace='named', contrast=1.0, depth=-2.0, flipHoriz=False, flipVert=False, font='Arial', fontFiles=[], height=0.2, italic=False, languageStyle='LTR', name='text_No', opacity=1.0, ori=0, pos=array([ 0.5, -0.5]), rgb=array([255.,   0.,   0.]), text='no', units='norm', win=Window(...), wrapWidth=1)
28.2043 	EXP 	Created text_Mask = TextStim(__class__=<class 'psychopy.visual.text.TextStim'>, alignHoriz='center', alignVert='center', antialias=True, autoLog=True, bold=False, color='white', colorSpace='named', contrast=1.0, depth=-4.0, flipHoriz=False, flipVert=False, font='Arial', fontFiles=[], height=0.2, italic=False, languageStyle='LTR', name='text_Mask', opacity=1.0, ori=0, pos=array([0., 0.]), rgb=array([255., 255., 255.]), text='default text', units='norm', win=Window(...), wrapWidth=1)
28.2101 	EXP 	Created text_Prime = TextStim(__class__=<class 'psychopy.visual.text.TextStim'>, alignHoriz='center', alignVert='center', antialias=True, autoLog=True, bold=False, color='white', colorSpace='named', contrast=1.0, depth=-5.0, flipHoriz=False, flipVert=False, font='Arial', fontFiles=[], height=0.2, italic=False, languageStyle='LTR', name='text_Prime', opacity=1.0, ori=0, pos=array([0., 0.]), rgb=array([255., 255., 255.]), text='default text', units='norm', win=Window(...), wrapWidth=1)
28.2183 	EXP 	Created text_Closing = TextStim(__class__=<class 'psychopy.visual.text.TextStim'>, alignHoriz='center', alignVert='center', antialias=True, autoLog=True, bold=False, color='black', colorSpace='named', contrast=1.0, depth=0.0, flipHoriz=False, flipVert=False, font='Arial', fontFiles=[], height=0.07, italic=False, languageStyle='LTR', name='text_Closing', opacity=1.0, ori=0, pos=array([0., 0.]), rgb=array([0., 0., 0.]), text='gracias', units='norm', win=Window(...), wrapWidth=1)
28.2311 	EXP 	lexEsp_Instr: autoDraw = True
29.1702 	DATA 	Keypress: space
29.1840 	EXP 	Imported LexicalAccess.csv as conditions, 60 conditions, 5 params
29.1847 	EXP 	Created sequence: random, trialTypes=60, nReps=1, seed=None
29.1853 	EXP 	New trial (rep=0, index=0): OrderedDict([('Mask', '#######'), ('Prime', 'ca#####'), ('Word', 'cabello'), ('Translation', 'hair'), ('corrAnsLexical', 1)])
29.2166 	EXP 	lexEsp_Instr: autoDraw = False
29.2166 	EXP 	text_Word: text = 'cabello'
29.2166 	EXP 	text_Mask: text = '#######'
29.2166 	EXP 	text_Prime: text = 'ca#####'
29.2166 	EXP 	text_Mask: autoDraw = True
29.7030 	EXP 	text_Mask: autoDraw = False
29.7193 	EXP 	text_Prime: autoDraw = True
30.2182 	EXP 	text_Word: autoDraw = True
30.2182 	EXP 	text_Si: autoDraw = True
30.2182 	EXP 	text_No: autoDraw = True
30.2182 	EXP 	text_Prime: autoDraw = False
31.3862 	DATA 	Keypress: 1
31.3883 	EXP 	New trial (rep=0, index=1): OrderedDict([('Mask', '#####'), ('Prime', 'yac##'), ('Word', 'yacer'), ('Translation', 'lie'), ('corrAnsLexical', 1)])
31.4152 	EXP 	text_Word: autoDraw = False
31.4152 	EXP 	text_Si: autoDraw = False
31.4152 	EXP 	text_No: autoDraw = False
31.4152 	EXP 	text_Mask: autoDraw = False
31.4152 	EXP 	text_Prime: autoDraw = False
31.4152 	EXP 	text_Word: text = 'yacer'
31.4152 	EXP 	text_Mask: text = '#####'
31.4152 	EXP 	text_Prime: text = 'yac##'
31.4152 	EXP 	text_Mask: autoDraw = True
31.9143 	EXP 	text_Mask: autoDraw = False
31.9314 	EXP 	text_Prime: autoDraw = True
32.4307 	EXP 	text_Word: autoDraw = True
32.4307 	EXP 	text_Si: autoDraw = True
32.4307 	EXP 	text_No: autoDraw = True
32.4307 	EXP 	text_Prime: autoDraw = False
34.0791 	DATA 	Keypress: 1
34.0808 	EXP 	New trial (rep=0, index=2): OrderedDict([('Mask', '######'), ('Prime', 'lát###'), ('Word', 'látigo'), ('Translation', 'whip'), ('corrAnsLexical', 1)])
34.1085 	EXP 	text_Word: autoDraw = False
34.1085 	EXP 	text_Si: autoDraw = False
34.1085 	EXP 	text_No: autoDraw = False
34.1085 	EXP 	text_Mask: autoDraw = False
34.1085 	EXP 	text_Prime: autoDraw = False
34.1085 	EXP 	text_Word: text = 'látigo'
34.1085 	EXP 	text_Mask: text = '######'
34.1085 	EXP 	text_Prime: text = 'lát###'
34.1085 	EXP 	text_Mask: autoDraw = True
34.6085 	EXP 	text_Mask: autoDraw = False
34.6248 	EXP 	text_Prime: autoDraw = True
35.1234 	EXP 	text_Word: autoDraw = True
35.1234 	EXP 	text_Si: autoDraw = True
35.1234 	EXP 	text_No: autoDraw = True
35.1234 	EXP 	text_Prime: autoDraw = False
36.9223 	DATA 	Keypress: 0
36.9238 	EXP 	New trial (rep=0, index=3): OrderedDict([('Mask', '#####'), ('Prime', 'ga###'), ('Word', 'ganar'), ('Translation', 'win'), ('corrAnsLexical', 1)])
36.9463 	EXP 	text_Word: autoDraw = False
36.9463 	EXP 	text_Si: autoDraw = False
36.9463 	EXP 	text_No: autoDraw = False
36.9463 	EXP 	text_Mask: autoDraw = False
36.9463 	EXP 	text_Prime: autoDraw = False
36.9463 	EXP 	text_Word: text = 'ganar'
36.9463 	EXP 	text_Mask: text = '#####'
36.9463 	EXP 	text_Prime: text = 'ga###'
36.9463 	EXP 	text_Mask: autoDraw = True
37.4359 	EXP 	text_Mask: autoDraw = False
37.4525 	EXP 	text_Prime: autoDraw = True
37.9514 	EXP 	text_Word: autoDraw = True
37.9514 	EXP 	text_Si: autoDraw = True
37.9514 	EXP 	text_No: autoDraw = True
37.9514 	EXP 	text_Prime: autoDraw = False
39.4151 	DATA 	Keypress: 1
39.4168 	EXP 	New trial (rep=0, index=4): OrderedDict([('Mask', '######'), ('Prime', 'la####'), ('Word', 'ladrón'), ('Translation', 'thief'), ('corrAnsLexical', 1)])
39.4400 	EXP 	text_Word: autoDraw = False
39.4400 	EXP 	text_Si: autoDraw = False
39.4400 	EXP 	text_No: autoDraw = False
39.4400 	EXP 	text_Mask: autoDraw = False
39.4400 	EXP 	text_Prime: autoDraw = False
39.4400 	EXP 	text_Word: text = 'ladrón'
39.4400 	EXP 	text_Mask: text = '######'
39.4400 	EXP 	text_Prime: text = 'la####'
39.4400 	EXP 	text_Mask: autoDraw = True
39.9298 	EXP 	text_Mask: autoDraw = False
39.9464 	EXP 	text_Prime: autoDraw = True
40.4474 	EXP 	text_Word: autoDraw = True
40.4474 	EXP 	text_Si: autoDraw = True
40.4474 	EXP 	text_No: autoDraw = True
40.4474 	EXP 	text_Prime: autoDraw = False
42.5275 	DATA 	Keypress: escape
42.8025 	EXP 	window1: mouseVisible = True
