10.2400 	EXP 	Created window1 = Window(allowGUI=False, allowStencil=False, args=UNKNOWN, autoLog=True, bitsMode=UNKNOWN, blendMode='avg', color=array([0., 0., 0.]), colorSpace='rgb', fullscr=<method-wrapper '__getattribute__' of attributeSetter object at 0x10d7e1f28>, gamma=None, kwargs=UNKNOWN, lms=UNKNOWN, monitor=<psychopy.monitors.calibTools.Monitor object at 0x1299c8eb8>, multiSample=False, name='window1', numSamples=2, pos=[0.0, 0.0], screen=0, size=array([1280,  800]), stereo=False, units='norm', useFBO=True, useRetina=False, viewOri=0.0, viewPos=None, viewScale=None, waitBlanking=True, winType='pyglet')
10.2401 	EXP 	window1: recordFrameIntervals = False
10.4058 	EXP 	window1: recordFrameIntervals = True
10.5883 	EXP 	window1: recordFrameIntervals = False
10.7810 	EXP 	Created lexEsp_Instr = TextStim(__class__=<class 'psychopy.visual.text.TextStim'>, alignHoriz='center', alignVert='center', antialias=True, autoLog=True, bold=False, color='black', colorSpace='named', contrast=1.0, depth=-1.0, flipHoriz=False, flipVert=False, font='Arial', fontFiles=[], height=0.05, italic=False, languageStyle='LTR', name='lexEsp_Instr', opacity=1.0, ori=0, pos=array([0., 0.]), rgb=array([0., 0., 0.]), text=str(...), units='norm', win=Window(...), wrapWidth=1)
10.7950 	EXP 	Created text_Word = TextStim(__class__=<class 'psychopy.visual.text.TextStim'>, alignHoriz='center', alignVert='center', antialias=True, autoLog=True, bold=False, color='white', colorSpace='named', contrast=1.0, depth=0.0, flipHoriz=False, flipVert=False, font='Arial', fontFiles=[], height=0.2, italic=False, languageStyle='LTR', name='text_Word', opacity=1.0, ori=0, pos=array([0., 0.]), rgb=array([255., 255., 255.]), text='default text', units='norm', win=Window(...), wrapWidth=1)
10.8002 	EXP 	Created text_Si = TextStim(__class__=<class 'psychopy.visual.text.TextStim'>, alignHoriz='center', alignVert='center', antialias=True, autoLog=True, bold=False, color='green', colorSpace='named', contrast=1.0, depth=-1.0, flipHoriz=False, flipVert=False, font='Arial', fontFiles=[], height=0.2, italic=False, languageStyle='LTR', name='text_Si', opacity=1.0, ori=0, pos=array([-0.5, -0.5]), rgb=array([  0., 128.,   0.]), text='sí', units='norm', win=Window(...), wrapWidth=1)
10.8045 	EXP 	Created text_No = TextStim(__class__=<class 'psychopy.visual.text.TextStim'>, alignHoriz='center', alignVert='center', antialias=True, autoLog=True, bold=False, color='red', colorSpace='named', contrast=1.0, depth=-2.0, flipHoriz=False, flipVert=False, font='Arial', fontFiles=[], height=0.2, italic=False, languageStyle='LTR', name='text_No', opacity=1.0, ori=0, pos=array([ 0.5, -0.5]), rgb=array([255.,   0.,   0.]), text='no', units='norm', win=Window(...), wrapWidth=1)
10.8111 	EXP 	Created text_Mask = TextStim(__class__=<class 'psychopy.visual.text.TextStim'>, alignHoriz='center', alignVert='center', antialias=True, autoLog=True, bold=False, color='white', colorSpace='named', contrast=1.0, depth=-4.0, flipHoriz=False, flipVert=False, font='Arial', fontFiles=[], height=0.2, italic=False, languageStyle='LTR', name='text_Mask', opacity=1.0, ori=0, pos=array([0., 0.]), rgb=array([255., 255., 255.]), text='default text', units='norm', win=Window(...), wrapWidth=1)
10.8169 	EXP 	Created text_Prime = TextStim(__class__=<class 'psychopy.visual.text.TextStim'>, alignHoriz='center', alignVert='center', antialias=True, autoLog=True, bold=False, color='white', colorSpace='named', contrast=1.0, depth=-5.0, flipHoriz=False, flipVert=False, font='Arial', fontFiles=[], height=0.2, italic=False, languageStyle='LTR', name='text_Prime', opacity=1.0, ori=0, pos=array([0., 0.]), rgb=array([255., 255., 255.]), text='default text', units='norm', win=Window(...), wrapWidth=1)
10.8247 	EXP 	Created text_Closing = TextStim(__class__=<class 'psychopy.visual.text.TextStim'>, alignHoriz='center', alignVert='center', antialias=True, autoLog=True, bold=False, color='black', colorSpace='named', contrast=1.0, depth=0.0, flipHoriz=False, flipVert=False, font='Arial', fontFiles=[], height=0.07, italic=False, languageStyle='LTR', name='text_Closing', opacity=1.0, ori=0, pos=array([0., 0.]), rgb=array([0., 0., 0.]), text='gracias', units='norm', win=Window(...), wrapWidth=1)
10.8350 	EXP 	lexEsp_Instr: autoDraw = True
11.1578 	DATA 	Keypress: space
11.1719 	EXP 	Imported LexicalAccess.csv as conditions, 60 conditions, 5 params
11.1726 	EXP 	Created sequence: random, trialTypes=60, nReps=1, seed=None
11.1730 	EXP 	New trial (rep=0, index=0): OrderedDict([('Mask', '########'), ('Prime', 'reb#####'), ('Word', 'rebuscar'), ('Translation', 'rummage'), ('corrAnsLexical', 1)])
11.2032 	EXP 	lexEsp_Instr: autoDraw = False
11.2032 	EXP 	text_Word: text = 'rebuscar'
11.2032 	EXP 	text_Mask: text = '########'
11.2032 	EXP 	text_Prime: text = 'reb#####'
11.2032 	EXP 	text_Mask: autoDraw = True
11.7013 	EXP 	text_Mask: autoDraw = False
11.7189 	EXP 	text_Prime: autoDraw = True
12.2350 	EXP 	text_Word: autoDraw = True
12.2350 	EXP 	text_Si: autoDraw = True
12.2350 	EXP 	text_No: autoDraw = True
12.2350 	EXP 	text_Prime: autoDraw = False
13.1183 	DATA 	Keypress: 1
13.1202 	EXP 	New trial (rep=0, index=1): OrderedDict([('Mask', '#####'), ('Prime', 'be###'), ('Word', 'besar'), ('Translation', 'kiss'), ('corrAnsLexical', 1)])
13.1408 	EXP 	text_Word: autoDraw = False
13.1408 	EXP 	text_Si: autoDraw = False
13.1408 	EXP 	text_No: autoDraw = False
13.1408 	EXP 	text_Mask: autoDraw = False
13.1408 	EXP 	text_Prime: autoDraw = False
13.1408 	EXP 	text_Word: text = 'besar'
13.1408 	EXP 	text_Mask: text = '#####'
13.1408 	EXP 	text_Prime: text = 'be###'
13.1408 	EXP 	text_Mask: autoDraw = True
13.6331 	EXP 	text_Mask: autoDraw = False
13.6494 	EXP 	text_Prime: autoDraw = True
14.1492 	EXP 	text_Word: autoDraw = True
14.1492 	EXP 	text_Si: autoDraw = True
14.1492 	EXP 	text_No: autoDraw = True
14.1492 	EXP 	text_Prime: autoDraw = False
14.6161 	DATA 	Keypress: 0
14.6307 	EXP 	New trial (rep=0, index=2): OrderedDict([('Mask', '########'), ('Prime', 'ba######'), ('Word', 'batillón'), ('Translation', 'NW'), ('corrAnsLexical', 0)])
14.6604 	EXP 	text_Word: autoDraw = False
14.6604 	EXP 	text_Si: autoDraw = False
14.6604 	EXP 	text_No: autoDraw = False
14.6604 	EXP 	text_Mask: autoDraw = False
14.6604 	EXP 	text_Prime: autoDraw = False
14.6604 	EXP 	text_Word: text = 'batillón'
14.6604 	EXP 	text_Mask: text = '########'
14.6604 	EXP 	text_Prime: text = 'ba######'
14.6604 	EXP 	text_Mask: autoDraw = True
15.1608 	EXP 	text_Mask: autoDraw = False
15.1779 	EXP 	text_Prime: autoDraw = True
15.6770 	EXP 	text_Word: autoDraw = True
15.6770 	EXP 	text_Si: autoDraw = True
15.6770 	EXP 	text_No: autoDraw = True
15.6770 	EXP 	text_Prime: autoDraw = False
16.1288 	DATA 	Keypress: 0
16.1307 	EXP 	New trial (rep=0, index=3): OrderedDict([('Mask', '########'), ('Prime', 'fo######'), ('Word', 'fomentar'), ('Translation', 'promote'), ('corrAnsLexical', 1)])
16.1535 	EXP 	text_Word: autoDraw = False
16.1535 	EXP 	text_Si: autoDraw = False
16.1535 	EXP 	text_No: autoDraw = False
16.1535 	EXP 	text_Mask: autoDraw = False
16.1535 	EXP 	text_Prime: autoDraw = False
16.1535 	EXP 	text_Word: text = 'fomentar'
16.1535 	EXP 	text_Mask: text = '########'
16.1535 	EXP 	text_Prime: text = 'fo######'
16.1535 	EXP 	text_Mask: autoDraw = True
16.6412 	EXP 	text_Mask: autoDraw = False
16.6577 	EXP 	text_Prime: autoDraw = True
17.1555 	EXP 	text_Word: autoDraw = True
17.1555 	EXP 	text_Si: autoDraw = True
17.1555 	EXP 	text_No: autoDraw = True
17.1555 	EXP 	text_Prime: autoDraw = False
17.6579 	DATA 	Keypress: 0
17.6595 	EXP 	New trial (rep=0, index=4): OrderedDict([('Mask', '#####'), ('Prime', 'reg##'), ('Word', 'regar'), ('Translation', 'water'), ('corrAnsLexical', 1)])
17.6855 	EXP 	text_Word: autoDraw = False
17.6855 	EXP 	text_Si: autoDraw = False
17.6855 	EXP 	text_No: autoDraw = False
17.6855 	EXP 	text_Mask: autoDraw = False
17.6855 	EXP 	text_Prime: autoDraw = False
17.6855 	EXP 	text_Word: text = 'regar'
17.6855 	EXP 	text_Mask: text = '#####'
17.6855 	EXP 	text_Prime: text = 'reg##'
17.6855 	EXP 	text_Mask: autoDraw = True
18.1874 	EXP 	text_Mask: autoDraw = False
18.2041 	EXP 	text_Prime: autoDraw = True
18.7025 	EXP 	text_Word: autoDraw = True
18.7025 	EXP 	text_Si: autoDraw = True
18.7025 	EXP 	text_No: autoDraw = True
18.7025 	EXP 	text_Prime: autoDraw = False
19.1547 	DATA 	Keypress: 1
19.1567 	EXP 	New trial (rep=0, index=5): OrderedDict([('Mask', '######'), ('Prime', 'zap###'), ('Word', 'zapato'), ('Translation', 'shoe'), ('corrAnsLexical', 1)])
19.1823 	EXP 	text_Word: autoDraw = False
19.1823 	EXP 	text_Si: autoDraw = False
19.1823 	EXP 	text_No: autoDraw = False
19.1823 	EXP 	text_Mask: autoDraw = False
19.1823 	EXP 	text_Prime: autoDraw = False
19.1823 	EXP 	text_Word: text = 'zapato'
19.1823 	EXP 	text_Mask: text = '######'
19.1823 	EXP 	text_Prime: text = 'zap###'
19.1823 	EXP 	text_Mask: autoDraw = True
19.6663 	EXP 	text_Mask: autoDraw = False
19.6867 	EXP 	text_Prime: autoDraw = True
20.1830 	EXP 	text_Word: autoDraw = True
20.1830 	EXP 	text_Si: autoDraw = True
20.1830 	EXP 	text_No: autoDraw = True
20.1830 	EXP 	text_Prime: autoDraw = False
20.6861 	DATA 	Keypress: 1
20.6881 	EXP 	New trial (rep=0, index=6): OrderedDict([('Mask', '#######'), ('Prime', 'ca#####'), ('Word', 'capillo'), ('Translation', 'NW'), ('corrAnsLexical', 0)])
20.7147 	EXP 	text_Word: autoDraw = False
20.7147 	EXP 	text_Si: autoDraw = False
20.7147 	EXP 	text_No: autoDraw = False
20.7147 	EXP 	text_Mask: autoDraw = False
20.7147 	EXP 	text_Prime: autoDraw = False
20.7147 	EXP 	text_Word: text = 'capillo'
20.7147 	EXP 	text_Mask: text = '#######'
20.7147 	EXP 	text_Prime: text = 'ca#####'
20.7147 	EXP 	text_Mask: autoDraw = True
21.2139 	EXP 	text_Mask: autoDraw = False
21.2306 	EXP 	text_Prime: autoDraw = True
21.7290 	EXP 	text_Word: autoDraw = True
21.7290 	EXP 	text_Si: autoDraw = True
21.7290 	EXP 	text_No: autoDraw = True
21.7290 	EXP 	text_Prime: autoDraw = False
22.6800 	DATA 	Keypress: 1
22.6817 	EXP 	New trial (rep=0, index=7): OrderedDict([('Mask', '######'), ('Prime', 'ba####'), ('Word', 'barato'), ('Translation', 'cheap'), ('corrAnsLexical', 1)])
22.7098 	EXP 	text_Word: autoDraw = False
22.7098 	EXP 	text_Si: autoDraw = False
22.7098 	EXP 	text_No: autoDraw = False
22.7098 	EXP 	text_Mask: autoDraw = False
22.7098 	EXP 	text_Prime: autoDraw = False
22.7098 	EXP 	text_Word: text = 'barato'
22.7098 	EXP 	text_Mask: text = '######'
22.7098 	EXP 	text_Prime: text = 'ba####'
22.7098 	EXP 	text_Mask: autoDraw = True
23.2089 	EXP 	text_Mask: autoDraw = False
23.2257 	EXP 	text_Prime: autoDraw = True
23.7241 	EXP 	text_Word: autoDraw = True
23.7241 	EXP 	text_Si: autoDraw = True
23.7241 	EXP 	text_No: autoDraw = True
23.7241 	EXP 	text_Prime: autoDraw = False
24.5600 	DATA 	Keypress: 0
24.5737 	EXP 	New trial (rep=0, index=8): OrderedDict([('Mask', '######'), ('Prime', 'la####'), ('Word', 'ladrón'), ('Translation', 'thief'), ('corrAnsLexical', 1)])
24.5882 	EXP 	text_Word: autoDraw = False
24.5882 	EXP 	text_Si: autoDraw = False
24.5882 	EXP 	text_No: autoDraw = False
24.5882 	EXP 	text_Mask: autoDraw = False
24.5882 	EXP 	text_Prime: autoDraw = False
24.5882 	EXP 	text_Word: text = 'ladrón'
24.5882 	EXP 	text_Mask: text = '######'
24.5882 	EXP 	text_Prime: text = 'la####'
24.5882 	EXP 	text_Mask: autoDraw = True
25.0871 	EXP 	text_Mask: autoDraw = False
25.1038 	EXP 	text_Prime: autoDraw = True
25.6032 	EXP 	text_Word: autoDraw = True
25.6032 	EXP 	text_Si: autoDraw = True
25.6032 	EXP 	text_No: autoDraw = True
25.6032 	EXP 	text_Prime: autoDraw = False
25.9399 	DATA 	Keypress: escape
26.2119 	EXP 	window1: mouseVisible = True
