\BOOKMARK [0][-]{chapter*.3}{\376\377\000L\000i\000s\000t\000\040\000o\000f\000\040\000F\000i\000g\000u\000r\000e\000s}{}% 1
\BOOKMARK [0][-]{chapter*.4}{\376\377\000L\000i\000s\000t\000\040\000o\000f\000\040\000T\000a\000b\000l\000e\000s}{}% 2
\BOOKMARK [0][-]{chapter*.4}{\376\377\000A\000b\000s\000t\000r\000a\000c\000t}{}% 3
\BOOKMARK [0][-]{chapter.5}{\376\377\000I\000n\000t\000r\000o\000d\000u\000c\000t\000i\000o\000n}{}% 4
\BOOKMARK [1][-]{section.6}{\376\377\000W\000e\000l\000c\000o\000m\000e\000\040\000a\000n\000d\000\040\000T\000h\000a\000n\000k\000\040\000Y\000o\000u}{chapter.5}% 5
\BOOKMARK [1][-]{section.7}{\376\377\000L\000e\000a\000r\000n\000i\000n\000g\000\040\000L\000a\000T\000e\000X}{chapter.5}% 6
\BOOKMARK [2][-]{subsection.8}{\376\377\000A\000\040\000\050\000n\000o\000t\000\040\000s\000o\000\040\000s\000h\000o\000r\000t\000\051\000\040\000I\000n\000t\000r\000o\000d\000u\000c\000t\000i\000o\000n\000\040\000t\000o\000\040\000L\000a\000T\000e\000X}{section.7}% 7
\BOOKMARK [2][-]{subsection.9}{\376\377\000A\000\040\000S\000h\000o\000r\000t\000\040\000M\000a\000t\000h\000\040\000G\000u\000i\000d\000e\000\040\000f\000o\000r\000\040\000L\000a\000T\000e\000X}{section.7}% 8
\BOOKMARK [2][-]{subsection.10}{\376\377\000C\000o\000m\000m\000o\000n\000\040\000L\000a\000T\000e\000X\000\040\000M\000a\000t\000h\000\040\000S\000y\000m\000b\000o\000l\000s}{section.7}% 9
\BOOKMARK [2][-]{subsection.11}{\376\377\000L\000a\000T\000e\000X\000\040\000o\000n\000\040\000a\000\040\000M\000a\000c}{section.7}% 10
\BOOKMARK [1][-]{section.12}{\376\377\000G\000e\000t\000t\000i\000n\000g\000\040\000S\000t\000a\000r\000t\000e\000d\000\040\000w\000i\000t\000h\000\040\000t\000h\000i\000s\000\040\000T\000e\000m\000p\000l\000a\000t\000e}{chapter.5}% 11
\BOOKMARK [2][-]{subsection.13}{\376\377\000A\000b\000o\000u\000t\000\040\000t\000h\000i\000s\000\040\000T\000e\000m\000p\000l\000a\000t\000e}{section.12}% 12
\BOOKMARK [1][-]{section.14}{\376\377\000W\000h\000a\000t\000\040\000t\000h\000i\000s\000\040\000T\000e\000m\000p\000l\000a\000t\000e\000\040\000I\000n\000c\000l\000u\000d\000e\000s}{chapter.5}% 13
\BOOKMARK [2][-]{subsection.15}{\376\377\000F\000o\000l\000d\000e\000r\000s}{section.14}% 14
\BOOKMARK [2][-]{subsection.16}{\376\377\000F\000i\000l\000e\000s}{section.14}% 15
\BOOKMARK [1][-]{section.17}{\376\377\000F\000i\000l\000l\000i\000n\000g\000\040\000i\000n\000\040\000Y\000o\000u\000r\000\040\000I\000n\000f\000o\000r\000m\000a\000t\000i\000o\000n\000\040\000i\000n\000\040\000t\000h\000e\000\040\000m\000a\000i\000n\000.\000t\000e\000x\000\040\000F\000i\000l\000e}{chapter.5}% 16
\BOOKMARK [1][-]{section.18}{\376\377\000T\000h\000e\000\040\000m\000a\000i\000n\000.\000t\000e\000x\000\040\000F\000i\000l\000e\000\040\000E\000x\000p\000l\000a\000i\000n\000e\000d}{chapter.5}% 17
\BOOKMARK [1][-]{section.19}{\376\377\000T\000h\000e\000s\000i\000s\000\040\000F\000e\000a\000t\000u\000r\000e\000s\000\040\000a\000n\000d\000\040\000C\000o\000n\000v\000e\000n\000t\000i\000o\000n\000s}{chapter.5}% 18
\BOOKMARK [2][-]{subsection.20}{\376\377\000P\000r\000i\000n\000t\000i\000n\000g\000\040\000F\000o\000r\000m\000a\000t}{section.19}% 19
\BOOKMARK [2][-]{subsection.21}{\376\377\000U\000s\000i\000n\000g\000\040\000U\000S\000\040\000L\000e\000t\000t\000e\000r\000\040\000P\000a\000p\000e\000r}{section.19}% 20
\BOOKMARK [2][-]{subsection.22}{\376\377\000R\000e\000f\000e\000r\000e\000n\000c\000e\000s}{section.19}% 21
\BOOKMARK [3][-]{section*.24}{\376\377\000A\000\040\000N\000o\000t\000e\000\040\000o\000n\000\040\000b\000i\000b\000t\000e\000x}{subsection.22}% 22
\BOOKMARK [2][-]{subsection.25}{\376\377\000T\000a\000b\000l\000e\000s}{section.19}% 23
\BOOKMARK [2][-]{subsection.27}{\376\377\000F\000i\000g\000u\000r\000e\000s}{section.19}% 24
\BOOKMARK [2][-]{subsection.29}{\376\377\000T\000y\000p\000e\000s\000e\000t\000t\000i\000n\000g\000\040\000m\000a\000t\000h\000e\000m\000a\000t\000i\000c\000s}{section.19}% 25
\BOOKMARK [1][-]{section.31}{\376\377\000S\000e\000c\000t\000i\000o\000n\000i\000n\000g\000\040\000a\000n\000d\000\040\000S\000u\000b\000s\000e\000c\000t\000i\000o\000n\000i\000n\000g}{chapter.5}% 26
\BOOKMARK [1][-]{section.32}{\376\377\000I\000n\000\040\000C\000l\000o\000s\000i\000n\000g}{chapter.5}% 27
\BOOKMARK [0][-]{chapter.33}{\376\377\000S\000y\000l\000l\000a\000b\000i\000f\000i\000c\000a\000t\000i\000o\000n}{}% 28
\BOOKMARK [1][-]{section.34}{\376\377\000M\000a\000i\000n\000\040\000S\000e\000c\000t\000i\000o\000n\000\040\0001}{chapter.33}% 29
\BOOKMARK [2][-]{subsection.35}{\376\377\000S\000u\000b\000s\000e\000c\000t\000i\000o\000n\000\040\0001}{section.34}% 30
\BOOKMARK [2][-]{subsection.36}{\376\377\000S\000u\000b\000s\000e\000c\000t\000i\000o\000n\000\040\0002}{section.34}% 31
\BOOKMARK [1][-]{section.37}{\376\377\000M\000a\000i\000n\000\040\000S\000e\000c\000t\000i\000o\000n\000\040\0002}{chapter.33}% 32
\BOOKMARK [0][-]{chapter.38}{\376\377\000V\000i\000s\000u\000a\000l\000\040\000W\000o\000r\000d\000\040\000S\000e\000g\000e\000m\000e\000n\000t\000a\000t\000i\000o\000n}{}% 33
\BOOKMARK [1][-]{section.39}{\376\377\000M\000a\000i\000n\000\040\000S\000e\000c\000t\000i\000o\000n\000\040\0001}{chapter.38}% 34
\BOOKMARK [2][-]{subsection.40}{\376\377\000S\000u\000b\000s\000e\000c\000t\000i\000o\000n\000\040\0001}{section.39}% 35
\BOOKMARK [2][-]{subsection.41}{\376\377\000S\000u\000b\000s\000e\000c\000t\000i\000o\000n\000\040\0002}{section.39}% 36
\BOOKMARK [1][-]{section.42}{\376\377\000M\000a\000i\000n\000\040\000S\000e\000c\000t\000i\000o\000n\000\040\0002}{chapter.38}% 37
\BOOKMARK [0][-]{chapter.43}{\376\377\000V\000i\000s\000u\000a\000l\000\040\000W\000o\000r\000d\000\040\000R\000e\000c\000o\000g\000n\000i\000t\000i\000o\000n}{}% 38
\BOOKMARK [1][-]{section.44}{\376\377\000M\000a\000i\000n\000\040\000S\000e\000c\000t\000i\000o\000n\000\040\0001}{chapter.43}% 39
\BOOKMARK [2][-]{subsection.45}{\376\377\000S\000u\000b\000s\000e\000c\000t\000i\000o\000n\000\040\0001}{section.44}% 40
\BOOKMARK [2][-]{subsection.46}{\376\377\000S\000u\000b\000s\000e\000c\000t\000i\000o\000n\000\040\0002}{section.44}% 41
\BOOKMARK [1][-]{section.47}{\376\377\000M\000a\000i\000n\000\040\000S\000e\000c\000t\000i\000o\000n\000\040\0002}{chapter.43}% 42
\BOOKMARK [0][-]{chapter.48}{\376\377\000C\000o\000n\000c\000l\000u\000s\000i\000o\000n}{}% 43
\BOOKMARK [1][-]{section.49}{\376\377\000M\000a\000i\000n\000\040\000S\000e\000c\000t\000i\000o\000n\000\040\0001}{chapter.48}% 44
\BOOKMARK [2][-]{subsection.50}{\376\377\000S\000u\000b\000s\000e\000c\000t\000i\000o\000n\000\040\0001}{section.49}% 45
\BOOKMARK [2][-]{subsection.51}{\376\377\000S\000u\000b\000s\000e\000c\000t\000i\000o\000n\000\040\0002}{section.49}% 46
\BOOKMARK [1][-]{section.52}{\376\377\000M\000a\000i\000n\000\040\000S\000e\000c\000t\000i\000o\000n\000\040\0002}{chapter.48}% 47
\BOOKMARK [1][-]{section.53}{\376\377\000M\000a\000i\000n\000\040\000S\000e\000c\000t\000i\000o\000n\000\040\0003}{chapter.48}% 48
\BOOKMARK [2][-]{subsection.54}{\376\377\000S\000u\000b\000s\000e\000c\000t\000i\000o\000n\000\040\0001}{section.53}% 49
\BOOKMARK [2][-]{subsection.55}{\376\377\000S\000u\000b\000s\000e\000c\000t\000i\000o\000n\000\040\0002}{section.53}% 50
\BOOKMARK [1][-]{section.56}{\376\377\000M\000a\000i\000n\000\040\000S\000e\000c\000t\000i\000o\000n\000\040\0004}{chapter.48}% 51
\BOOKMARK [0][-]{appendix.57}{\376\377\000F\000r\000e\000q\000u\000e\000n\000t\000l\000y\000\040\000A\000s\000k\000e\000d\000\040\000Q\000u\000e\000s\000t\000i\000o\000n\000s}{}% 52
\BOOKMARK [1][-]{section.58}{\376\377\000H\000o\000w\000\040\000d\000o\000\040\000I\000\040\000c\000h\000a\000n\000g\000e\000\040\000t\000h\000e\000\040\000c\000o\000l\000o\000r\000s\000\040\000o\000f\000\040\000l\000i\000n\000k\000s\000?}{appendix.57}% 53
\BOOKMARK [1][-]{section.59}{\376\377\000G\000e\000t\000t\000i\000n\000g\000\040\000S\000t\000a\000r\000t\000e\000d\000\040\000w\000i\000t\000h\000\040\000t\000h\000i\000s\000\040\000T\000e\000m\000p\000l\000a\000t\000e}{appendix.57}% 54
\BOOKMARK [2][-]{subsection.60}{\376\377\000A\000b\000o\000u\000t\000\040\000t\000h\000i\000s\000\040\000T\000e\000m\000p\000l\000a\000t\000e}{section.59}% 55
\BOOKMARK [0][-]{appendix*.61}{\376\377\000B\000i\000b\000l\000i\000o\000g\000r\000a\000p\000h\000y}{}% 56
