21.4155 	EXP 	Created window1 = Window(allowGUI=False, allowStencil=False, args=UNKNOWN, autoLog=True, bitsMode=UNKNOWN, blendMode='avg', color=array([1., 1., 1.]), colorSpace='rgb', fullscr=<method-wrapper '__getattribute__' of attributeSetter object at 0x1275e8f28>, gamma=None, kwargs=UNKNOWN, lms=UNKNOWN, monitor=<psychopy.monitors.calibTools.Monitor object at 0x129e74048>, multiSample=False, name='window1', numSamples=2, pos=[0.0, 0.0], screen=0, size=array([1280,  800]), stereo=False, units='norm', useFBO=True, useRetina=False, viewOri=0.0, viewPos=None, viewScale=None, waitBlanking=True, winType='pyglet')
21.4156 	EXP 	window1: recordFrameIntervals = False
21.5777 	EXP 	window1: recordFrameIntervals = True
21.7610 	EXP 	window1: recordFrameIntervals = False
21.9752 	EXP 	Created lexEsp_Instr = TextStim(__class__=<class 'psychopy.visual.text.TextStim'>, alignHoriz='center', alignVert='center', antialias=True, autoLog=True, bold=False, color='black', colorSpace='named', contrast=1.0, depth=-1.0, flipHoriz=False, flipVert=False, font='Arial', fontFiles=[], height=0.05, italic=False, languageStyle='LTR', name='lexEsp_Instr', opacity=1.0, ori=0, pos=array([0., 0.]), rgb=array([0., 0., 0.]), text=str(...), units='norm', win=Window(...), wrapWidth=1)
21.9876 	EXP 	Created text_Word = TextStim(__class__=<class 'psychopy.visual.text.TextStim'>, alignHoriz='center', alignVert='center', antialias=True, autoLog=True, bold=False, color='black', colorSpace='named', contrast=1.0, depth=0.0, flipHoriz=False, flipVert=False, font='Arial', fontFiles=[], height=0.2, italic=False, languageStyle='LTR', name='text_Word', opacity=1.0, ori=0, pos=array([0. , 0.5]), rgb=array([0., 0., 0.]), text='default text', units='norm', win=Window(...), wrapWidth=1)
21.9933 	EXP 	Created text_Si = TextStim(__class__=<class 'psychopy.visual.text.TextStim'>, alignHoriz='center', alignVert='center', antialias=True, autoLog=True, bold=False, color='green', colorSpace='named', contrast=1.0, depth=-1.0, flipHoriz=False, flipVert=False, font='Arial', fontFiles=[], height=0.2, italic=False, languageStyle='LTR', name='text_Si', opacity=1.0, ori=0, pos=array([-0.5, -0.5]), rgb=array([  0., 128.,   0.]), text='sí', units='norm', win=Window(...), wrapWidth=1)
21.9992 	EXP 	Created text_No = TextStim(__class__=<class 'psychopy.visual.text.TextStim'>, alignHoriz='center', alignVert='center', antialias=True, autoLog=True, bold=False, color='red', colorSpace='named', contrast=1.0, depth=-2.0, flipHoriz=False, flipVert=False, font='Arial', fontFiles=[], height=0.2, italic=False, languageStyle='LTR', name='text_No', opacity=1.0, ori=0, pos=array([ 0.5, -0.5]), rgb=array([255.,   0.,   0.]), text='no', units='norm', win=Window(...), wrapWidth=1)
22.0066 	EXP 	Created text_Closing = TextStim(__class__=<class 'psychopy.visual.text.TextStim'>, alignHoriz='center', alignVert='center', antialias=True, autoLog=True, bold=False, color='black', colorSpace='named', contrast=1.0, depth=0.0, flipHoriz=False, flipVert=False, font='Arial', fontFiles=[], height=0.07, italic=False, languageStyle='LTR', name='text_Closing', opacity=1.0, ori=0, pos=array([0., 0.]), rgb=array([0., 0., 0.]), text='gracias', units='norm', win=Window(...), wrapWidth=1)
22.0281 	EXP 	lexEsp_Instr: autoDraw = True
23.7804 	DATA 	Keypress: space
23.8470 	EXP 	Imported LexEsp.csv as conditions, 93 conditions, 4 params
23.8482 	EXP 	Created sequence: sequential, trialTypes=93, nReps=1, seed=None
23.8501 	EXP 	New trial (rep=0, index=0): OrderedDict([('Order', 0), ('Word', 'pladeno'), ('Translation', 'NW'), ('corrAnsEspV', 0)])
23.8749 	EXP 	lexEsp_Instr: autoDraw = False
23.8749 	EXP 	text_Word: text = 'pladeno'
24.0744 	EXP 	text_Word: autoDraw = True
24.0744 	EXP 	text_Si: autoDraw = True
24.0744 	EXP 	text_No: autoDraw = True
24.9557 	DATA 	Keypress: 1
24.9580 	EXP 	New trial (rep=0, index=1): OrderedDict([('Order', 0), ('Word', 'delantera'), ('Translation', 'first position'), ('corrAnsEspV', 1)])
24.9706 	EXP 	text_Word: autoDraw = False
24.9706 	EXP 	text_Si: autoDraw = False
24.9706 	EXP 	text_No: autoDraw = False
24.9706 	EXP 	text_Word: text = 'delantera'
25.1862 	EXP 	text_Word: autoDraw = True
25.1862 	EXP 	text_Si: autoDraw = True
25.1862 	EXP 	text_No: autoDraw = True
25.9060 	DATA 	Keypress: 0
25.9191 	EXP 	New trial (rep=0, index=2): OrderedDict([('Order', 0), ('Word', 'garbardina'), ('Translation', 'raincoat'), ('corrAnsEspV', 1)])
25.9352 	EXP 	text_Word: autoDraw = False
25.9352 	EXP 	text_Si: autoDraw = False
25.9352 	EXP 	text_No: autoDraw = False
25.9352 	EXP 	text_Word: text = 'garbardina'
26.1505 	EXP 	text_Word: autoDraw = True
26.1505 	EXP 	text_Si: autoDraw = True
26.1505 	EXP 	text_No: autoDraw = True
26.6518 	DATA 	Keypress: 1
26.6534 	EXP 	New trial (rep=0, index=3): OrderedDict([('Order', 1), ('Word', 'terzo'), ('Translation', 'NW'), ('corrAnsEspV', 0)])
26.6655 	EXP 	text_Word: autoDraw = False
26.6655 	EXP 	text_Si: autoDraw = False
26.6655 	EXP 	text_No: autoDraw = False
26.6655 	EXP 	text_Word: text = 'terzo'
26.8819 	EXP 	text_Word: autoDraw = True
26.8819 	EXP 	text_Si: autoDraw = True
26.8819 	EXP 	text_No: autoDraw = True
27.5496 	DATA 	Keypress: 0
27.5515 	EXP 	New trial (rep=0, index=4): OrderedDict([('Order', 2), ('Word', 'pellizcar'), ('Translation', 'pinch'), ('corrAnsEspV', 1)])
27.5631 	EXP 	text_Word: autoDraw = False
27.5631 	EXP 	text_Si: autoDraw = False
27.5631 	EXP 	text_No: autoDraw = False
27.5631 	EXP 	text_Word: text = 'pellizcar'
27.7794 	EXP 	text_Word: autoDraw = True
27.7794 	EXP 	text_Si: autoDraw = True
27.7794 	EXP 	text_No: autoDraw = True
28.4476 	DATA 	Keypress: 0
28.4495 	EXP 	New trial (rep=0, index=5): OrderedDict([('Order', 3), ('Word', 'pulmones'), ('Translation', 'lungs'), ('corrAnsEspV', 1)])
28.4616 	EXP 	text_Word: autoDraw = False
28.4616 	EXP 	text_Si: autoDraw = False
28.4616 	EXP 	text_No: autoDraw = False
28.4616 	EXP 	text_Word: text = 'pulmones'
28.6768 	EXP 	text_Word: autoDraw = True
28.6768 	EXP 	text_Si: autoDraw = True
28.6768 	EXP 	text_No: autoDraw = True
29.2956 	DATA 	Keypress: 1
29.2972 	EXP 	New trial (rep=0, index=6): OrderedDict([('Order', 4), ('Word', 'batillón'), ('Translation', 'NW'), ('corrAnsEspV', 0)])
29.3259 	EXP 	text_Word: autoDraw = False
29.3259 	EXP 	text_Si: autoDraw = False
29.3259 	EXP 	text_No: autoDraw = False
29.3259 	EXP 	text_Word: text = 'batillón'
29.5254 	EXP 	text_Word: autoDraw = True
29.5254 	EXP 	text_Si: autoDraw = True
29.5254 	EXP 	text_No: autoDraw = True
30.0943 	DATA 	Keypress: 0
30.0958 	EXP 	New trial (rep=0, index=7): OrderedDict([('Order', 5), ('Word', 'zapato'), ('Translation', 'shoe'), ('corrAnsEspV', 1)])
30.1074 	EXP 	text_Word: autoDraw = False
30.1074 	EXP 	text_Si: autoDraw = False
30.1074 	EXP 	text_No: autoDraw = False
30.1074 	EXP 	text_Word: text = 'zapato'
30.3241 	EXP 	text_Word: autoDraw = True
30.3241 	EXP 	text_Si: autoDraw = True
30.3241 	EXP 	text_No: autoDraw = True
30.8928 	DATA 	Keypress: 1
30.8948 	EXP 	New trial (rep=0, index=8): OrderedDict([('Order', 6), ('Word', 'tergiversar'), ('Translation', 'distort'), ('corrAnsEspV', 1)])
30.9220 	EXP 	text_Word: autoDraw = False
30.9220 	EXP 	text_Si: autoDraw = False
30.9220 	EXP 	text_No: autoDraw = False
30.9220 	EXP 	text_Word: text = 'tergiversar'
31.1230 	EXP 	text_Word: autoDraw = True
31.1230 	EXP 	text_Si: autoDraw = True
31.1230 	EXP 	text_No: autoDraw = True
33.0034 	DATA 	Keypress: 1
33.0049 	EXP 	New trial (rep=0, index=9): OrderedDict([('Order', 7), ('Word', 'pésimo'), ('Translation', 'abysmal'), ('corrAnsEspV', 1)])
33.0170 	EXP 	text_Word: autoDraw = False
33.0170 	EXP 	text_Si: autoDraw = False
33.0170 	EXP 	text_No: autoDraw = False
33.0170 	EXP 	text_Word: text = 'pésimo'
33.2326 	EXP 	text_Word: autoDraw = True
33.2326 	EXP 	text_Si: autoDraw = True
33.2326 	EXP 	text_No: autoDraw = True
34.2349 	DATA 	Keypress: escape
34.5064 	EXP 	window1: mouseVisible = True
