14.3373 	EXP 	Created window1 = Window(allowGUI=False, allowStencil=False, args=UNKNOWN, autoLog=True, bitsMode=UNKNOWN, blendMode='avg', color=array([1., 1., 1.]), colorSpace='rgb', fullscr=<method-wrapper '__getattribute__' of attributeSetter object at 0x1276e4ef0>, gamma=None, kwargs=UNKNOWN, lms=UNKNOWN, monitor=<psychopy.monitors.calibTools.Monitor object at 0x129f14a90>, multiSample=False, name='window1', numSamples=2, pos=[0.0, 0.0], screen=0, size=array([1280,  800]), stereo=False, units='norm', useFBO=True, useRetina=False, viewOri=0.0, viewPos=None, viewScale=None, waitBlanking=True, winType='pyglet')
14.3374 	EXP 	window1: recordFrameIntervals = False
14.4997 	EXP 	window1: recordFrameIntervals = True
14.6822 	EXP 	window1: recordFrameIntervals = False
14.9197 	EXP 	Created lexEsp_Instr = TextStim(__class__=<class 'psychopy.visual.text.TextStim'>, alignHoriz='center', alignVert='center', antialias=True, autoLog=True, bold=False, color='black', colorSpace='named', contrast=1.0, depth=-1.0, flipHoriz=False, flipVert=False, font='Arial', fontFiles=[], height=0.05, italic=False, languageStyle='LTR', name='lexEsp_Instr', opacity=1.0, ori=0, pos=array([0., 0.]), rgb=array([0., 0., 0.]), text=str(...), units='norm', win=Window(...), wrapWidth=1)
14.9342 	EXP 	Created text_Word = TextStim(__class__=<class 'psychopy.visual.text.TextStim'>, alignHoriz='center', alignVert='center', antialias=True, autoLog=True, bold=False, color='black', colorSpace='named', contrast=1.0, depth=0.0, flipHoriz=False, flipVert=False, font='Arial', fontFiles=[], height=0.2, italic=False, languageStyle='LTR', name='text_Word', opacity=1.0, ori=0, pos=array([0. , 0.5]), rgb=array([0., 0., 0.]), text='default text', units='norm', win=Window(...), wrapWidth=1)
14.9399 	EXP 	Created text_Si = TextStim(__class__=<class 'psychopy.visual.text.TextStim'>, alignHoriz='center', alignVert='center', antialias=True, autoLog=True, bold=False, color='green', colorSpace='named', contrast=1.0, depth=-1.0, flipHoriz=False, flipVert=False, font='Arial', fontFiles=[], height=0.2, italic=False, languageStyle='LTR', name='text_Si', opacity=1.0, ori=0, pos=array([-0.5, -0.5]), rgb=array([  0., 128.,   0.]), text='sí', units='norm', win=Window(...), wrapWidth=1)
14.9447 	EXP 	Created text_No = TextStim(__class__=<class 'psychopy.visual.text.TextStim'>, alignHoriz='center', alignVert='center', antialias=True, autoLog=True, bold=False, color='red', colorSpace='named', contrast=1.0, depth=-2.0, flipHoriz=False, flipVert=False, font='Arial', fontFiles=[], height=0.2, italic=False, languageStyle='LTR', name='text_No', opacity=1.0, ori=0, pos=array([ 0.5, -0.5]), rgb=array([255.,   0.,   0.]), text='no', units='norm', win=Window(...), wrapWidth=1)
14.9540 	EXP 	Created text_Closing = TextStim(__class__=<class 'psychopy.visual.text.TextStim'>, alignHoriz='center', alignVert='center', antialias=True, autoLog=True, bold=False, color='black', colorSpace='named', contrast=1.0, depth=0.0, flipHoriz=False, flipVert=False, font='Arial', fontFiles=[], height=0.07, italic=False, languageStyle='LTR', name='text_Closing', opacity=1.0, ori=0, pos=array([0., 0.]), rgb=array([0., 0., 0.]), text='gracias', units='norm', win=Window(...), wrapWidth=1)
14.9825 	EXP 	lexEsp_Instr: autoDraw = True
27.4152 	DATA 	Keypress: space
27.4685 	EXP 	Imported LexEsp.csv as conditions, 93 conditions, 4 params
27.4691 	EXP 	Created sequence: sequential, trialTypes=93, nReps=1, seed=None
27.4706 	EXP 	New trial (rep=0, index=0): OrderedDict([('Order', 0), ('Word', 'pladeno'), ('Translation', 'NW'), ('corrAnsEspV', 0)])
27.4861 	EXP 	lexEsp_Instr: autoDraw = False
27.4861 	EXP 	text_Word: text = 'pladeno'
27.7008 	EXP 	text_Word: autoDraw = True
27.7008 	EXP 	text_Si: autoDraw = True
27.7008 	EXP 	text_No: autoDraw = True
28.7356 	DATA 	Keypress: s
30.3140 	DATA 	Keypress: n
37.8468 	DATA 	Keypress: s
38.9943 	DATA 	Keypress: 1
38.9977 	EXP 	New trial (rep=0, index=1): OrderedDict([('Order', 0), ('Word', 'delantera'), ('Translation', 'first position'), ('corrAnsEspV', 1)])
39.0242 	EXP 	text_Word: autoDraw = False
39.0242 	EXP 	text_Si: autoDraw = False
39.0242 	EXP 	text_No: autoDraw = False
39.0242 	EXP 	text_Word: text = 'delantera'
39.2242 	EXP 	text_Word: autoDraw = True
39.2242 	EXP 	text_Si: autoDraw = True
39.2242 	EXP 	text_No: autoDraw = True
41.5716 	DATA 	Keypress: 2
43.7497 	DATA 	Keypress: 2
45.1799 	DATA 	Keypress: 0
45.1816 	EXP 	New trial (rep=0, index=2): OrderedDict([('Order', 0), ('Word', 'garbardina'), ('Translation', 'raincoat'), ('corrAnsEspV', 1)])
45.2073 	EXP 	text_Word: autoDraw = False
45.2073 	EXP 	text_Si: autoDraw = False
45.2073 	EXP 	text_No: autoDraw = False
45.2073 	EXP 	text_Word: text = 'garbardina'
45.4243 	EXP 	text_Word: autoDraw = True
45.4243 	EXP 	text_Si: autoDraw = True
45.4243 	EXP 	text_No: autoDraw = True
46.3774 	DATA 	Keypress: 1
46.3923 	EXP 	New trial (rep=0, index=3): OrderedDict([('Order', 1), ('Word', 'terzo'), ('Translation', 'NW'), ('corrAnsEspV', 0)])
46.4077 	EXP 	text_Word: autoDraw = False
46.4077 	EXP 	text_Si: autoDraw = False
46.4077 	EXP 	text_No: autoDraw = False
46.4077 	EXP 	text_Word: text = 'terzo'
46.6242 	EXP 	text_Word: autoDraw = True
46.6242 	EXP 	text_Si: autoDraw = True
46.6242 	EXP 	text_No: autoDraw = True
47.3280 	DATA 	Keypress: 0
47.3300 	EXP 	New trial (rep=0, index=4): OrderedDict([('Order', 2), ('Word', 'pellizcar'), ('Translation', 'pinch'), ('corrAnsEspV', 1)])
47.3466 	EXP 	text_Word: autoDraw = False
47.3466 	EXP 	text_Si: autoDraw = False
47.3466 	EXP 	text_No: autoDraw = False
47.3466 	EXP 	text_Word: text = 'pellizcar'
47.5581 	EXP 	text_Word: autoDraw = True
47.5581 	EXP 	text_Si: autoDraw = True
47.5581 	EXP 	text_No: autoDraw = True
48.3556 	DATA 	Keypress: 1
48.3571 	EXP 	New trial (rep=0, index=5): OrderedDict([('Order', 3), ('Word', 'pulmones'), ('Translation', 'lungs'), ('corrAnsEspV', 1)])
48.3702 	EXP 	text_Word: autoDraw = False
48.3702 	EXP 	text_Si: autoDraw = False
48.3702 	EXP 	text_No: autoDraw = False
48.3702 	EXP 	text_Word: text = 'pulmones'
48.5850 	EXP 	text_Word: autoDraw = True
48.5850 	EXP 	text_Si: autoDraw = True
48.5850 	EXP 	text_No: autoDraw = True
49.4530 	DATA 	Keypress: 0
49.4546 	EXP 	New trial (rep=0, index=6): OrderedDict([('Order', 4), ('Word', 'batillón'), ('Translation', 'NW'), ('corrAnsEspV', 0)])
49.4664 	EXP 	text_Word: autoDraw = False
49.4664 	EXP 	text_Si: autoDraw = False
49.4664 	EXP 	text_No: autoDraw = False
49.4664 	EXP 	text_Word: text = 'batillón'
49.6825 	EXP 	text_Word: autoDraw = True
49.6825 	EXP 	text_Si: autoDraw = True
49.6825 	EXP 	text_No: autoDraw = True
50.4180 	DATA 	Keypress: 1
50.4195 	EXP 	New trial (rep=0, index=7): OrderedDict([('Order', 5), ('Word', 'zapato'), ('Translation', 'shoe'), ('corrAnsEspV', 1)])
50.4315 	EXP 	text_Word: autoDraw = False
50.4315 	EXP 	text_Si: autoDraw = False
50.4315 	EXP 	text_No: autoDraw = False
50.4315 	EXP 	text_Word: text = 'zapato'
50.6477 	EXP 	text_Word: autoDraw = True
50.6477 	EXP 	text_Si: autoDraw = True
50.6477 	EXP 	text_No: autoDraw = True
51.3159 	DATA 	Keypress: 0
51.3174 	EXP 	New trial (rep=0, index=8): OrderedDict([('Order', 6), ('Word', 'tergiversar'), ('Translation', 'distort'), ('corrAnsEspV', 1)])
51.3299 	EXP 	text_Word: autoDraw = False
51.3299 	EXP 	text_Si: autoDraw = False
51.3299 	EXP 	text_No: autoDraw = False
51.3299 	EXP 	text_Word: text = 'tergiversar'
51.5458 	EXP 	text_Word: autoDraw = True
51.5458 	EXP 	text_Si: autoDraw = True
51.5458 	EXP 	text_No: autoDraw = True
52.2959 	DATA 	Keypress: 1
52.2974 	EXP 	New trial (rep=0, index=9): OrderedDict([('Order', 7), ('Word', 'pésimo'), ('Translation', 'abysmal'), ('corrAnsEspV', 1)])
52.3099 	EXP 	text_Word: autoDraw = False
52.3099 	EXP 	text_Si: autoDraw = False
52.3099 	EXP 	text_No: autoDraw = False
52.3099 	EXP 	text_Word: text = 'pésimo'
52.5259 	EXP 	text_Word: autoDraw = True
52.5259 	EXP 	text_Si: autoDraw = True
52.5259 	EXP 	text_No: autoDraw = True
53.3109 	DATA 	Keypress: 0
53.3124 	EXP 	New trial (rep=0, index=10): OrderedDict([('Order', 8), ('Word', 'cadeña'), ('Translation', 'NW'), ('corrAnsEspV', 0)])
53.3246 	EXP 	text_Word: autoDraw = False
53.3246 	EXP 	text_Si: autoDraw = False
53.3246 	EXP 	text_No: autoDraw = False
53.3246 	EXP 	text_Word: text = 'cadeña'
53.5427 	EXP 	text_Word: autoDraw = True
53.5427 	EXP 	text_Si: autoDraw = True
53.5427 	EXP 	text_No: autoDraw = True
54.6071 	DATA 	Keypress: 0
54.6086 	EXP 	New trial (rep=0, index=11): OrderedDict([('Order', 9), ('Word', 'hacha'), ('Translation', 'axe'), ('corrAnsEspV', 1)])
54.6214 	EXP 	text_Word: autoDraw = False
54.6214 	EXP 	text_Si: autoDraw = False
54.6214 	EXP 	text_No: autoDraw = False
54.6214 	EXP 	text_Word: text = 'hacha'
54.8368 	EXP 	text_Word: autoDraw = True
54.8368 	EXP 	text_Si: autoDraw = True
54.8368 	EXP 	text_No: autoDraw = True
56.4922 	DATA 	Keypress: escape
56.7836 	EXP 	window1: mouseVisible = True
